[2023-03-29 12:29:47] merlin-logger.DEBUG: The welcome step has been displayed [] []
[2023-03-29 12:29:51] merlin-logger.DEBUG: The license activation step has been displayed [] []
[2023-03-29 12:29:51] merlin-logger.DEBUG: The plugin installation step has been displayed [] []
[2023-03-29 12:29:56] merlin-logger.DEBUG: A plugin with the following data will be processed {"plugin_slug":"hub-core","message":"Installing"} []
[2023-03-29 12:30:06] merlin-logger.DEBUG: A plugin with the following data will be processed {"plugin_slug":"hub-core","message":"Activating"} []
[2023-03-29 12:30:06] merlin-logger.DEBUG: A plugin with the following data will be processed {"plugin_slug":"hub-core","message":"Activating"} []
[2023-03-29 12:30:06] merlin-logger.DEBUG: A plugin with the following data will be processed {"plugin_slug":"hub-portfolio","message":"Installing"} []
[2023-03-29 12:30:07] merlin-logger.DEBUG: A plugin with the following data will be processed {"plugin_slug":"hub-portfolio","message":"Activating"} []
[2023-03-29 12:30:07] merlin-logger.DEBUG: A plugin with the following data was processed {"plugin_slug":"hub-portfolio"} []
[2023-03-29 12:30:07] merlin-logger.DEBUG: A plugin with the following data will be processed {"plugin_slug":"elementor","message":"Installing"} []
[2023-03-29 12:30:25] merlin-logger.DEBUG: A plugin with the following data will be processed {"plugin_slug":"elementor","message":"Activating"} []
[2023-03-29 12:30:25] merlin-logger.DEBUG: A plugin with the following data was processed {"plugin_slug":"elementor"} []
[2023-03-29 12:30:26] merlin-logger.DEBUG: A plugin with the following data will be processed {"plugin_slug":"hub-elementor-addons","message":"Installing"} []
[2023-03-29 12:30:35] merlin-logger.DEBUG: A plugin with the following data will be processed {"plugin_slug":"hub-elementor-addons","message":"Activating"} []
[2023-03-29 12:30:35] merlin-logger.DEBUG: A plugin with the following data was processed {"plugin_slug":"hub-elementor-addons"} []
[2023-03-29 12:30:35] merlin-logger.DEBUG: A plugin with the following data will be processed {"plugin_slug":"liquid-gdpr","message":"Installing"} []
[2023-03-29 12:30:36] merlin-logger.DEBUG: A plugin with the following data will be processed {"plugin_slug":"liquid-gdpr","message":"Activating"} []
[2023-03-29 12:30:36] merlin-logger.DEBUG: A plugin with the following data was processed {"plugin_slug":"liquid-gdpr"} []
[2023-03-29 12:30:38] merlin-logger.DEBUG: A plugin with the following data will be processed {"plugin_slug":"contact-form-7","message":"Installing"} []
[2023-03-29 12:30:42] merlin-logger.DEBUG: A plugin with the following data will be processed {"plugin_slug":"contact-form-7","message":"Activating"} []
[2023-03-29 12:30:43] merlin-logger.DEBUG: A plugin with the following data was processed {"plugin_slug":"contact-form-7"} []
[2023-03-29 12:30:48] merlin-logger.DEBUG: The content import step has been displayed [] []
[2023-03-29 12:31:00] merlin-logger.DEBUG: The final step has been displayed [] []
[2023-03-29 12:32:55] merlin-logger.DEBUG: The welcome step has been displayed [] []
[2023-03-29 12:32:58] merlin-logger.DEBUG: The license activation step has been displayed [] []
[2023-03-29 12:32:58] merlin-logger.DEBUG: The plugin installation step has been displayed [] []
[2023-03-29 12:33:02] merlin-logger.DEBUG: A plugin with the following data will be processed {"plugin_slug":"hub-core","message":"Installing"} []
[2023-03-29 12:33:21] merlin-logger.DEBUG: A plugin with the following data will be processed {"plugin_slug":"hub-core","message":"Activating"} []
[2023-03-29 12:33:21] merlin-logger.DEBUG: A plugin with the following data will be processed {"plugin_slug":"hub-core","message":"Activating"} []
[2023-03-29 12:33:25] merlin-logger.DEBUG: The content import step has been displayed [] []
[2023-03-29 12:33:31] merlin-logger.DEBUG: The plugin installation step has been displayed [] []
[2023-03-29 12:33:36] merlin-logger.DEBUG: The content import step has been displayed [] []
[2023-03-29 12:33:38] merlin-logger.DEBUG: The final step has been displayed [] []
[2023-03-29 23:59:29] merlin-logger.DEBUG: The welcome step has been displayed [] []
[2023-03-29 23:59:34] merlin-logger.DEBUG: The license activation step has been displayed [] []
[2023-03-29 23:59:35] merlin-logger.DEBUG: The plugin installation step has been displayed [] []
[2023-03-29 23:59:41] merlin-logger.DEBUG: The content import step has been displayed [] []
[2023-03-29 23:59:46] merlin-logger.DEBUG: The final step has been displayed [] []
[2023-03-29 23:59:53] merlin-logger.DEBUG: The final step has been displayed [] []
[2023-03-30 00:02:27] merlin-logger.DEBUG: The welcome step has been displayed [] []
[2023-03-30 00:02:31] merlin-logger.DEBUG: The license activation step has been displayed [] []
[2023-03-30 00:02:32] merlin-logger.DEBUG: The plugin installation step has been displayed [] []
[2023-03-30 00:02:38] merlin-logger.DEBUG: The content import step has been displayed [] []
[2023-03-30 00:04:24] merlin-logger.DEBUG: The content import step has been displayed [] []
[2023-03-30 00:04:46] merlin-logger.DEBUG: The Hello world post status was set to draft [] []
[2023-03-30 00:04:47] merlin-logger.DEBUG: The Hello world post status was set to draft [] []
[2023-03-30 00:05:13] merlin-logger.DEBUG: The content import step has been displayed [] []
[2023-03-30 00:05:20] merlin-logger.DEBUG: The final step has been displayed [] []
[2023-03-30 00:06:37] merlin-logger.DEBUG: The final step has been displayed [] []
[2023-03-30 05:48:42] merlin-logger.DEBUG: The welcome step has been displayed [] []
